2023-01-02 23:12:10,688 fail2ban.server         [293]: INFO    --------------------------------------------------
2023-01-02 23:12:10,689 fail2ban.server         [293]: INFO    Starting Fail2ban v0.11.2
2023-01-02 23:12:10,689 fail2ban.observer       [293]: INFO    Observer start...
2023-01-02 23:12:10,700 fail2ban.database       [293]: INFO    Connected to fail2ban persistent database '/config/fail2ban/fail2ban.sqlite3'
2023-01-02 23:12:10,702 fail2ban.database       [293]: WARNING New database created. Version '4'
2023-01-02 23:12:10,703 fail2ban.jail           [293]: INFO    Creating new jail 'nginx-http-auth'
2023-01-02 23:12:10,713 fail2ban.jail           [293]: INFO    Jail 'nginx-http-auth' uses poller {}
2023-01-02 23:12:10,713 fail2ban.jail           [293]: INFO    Initiated 'polling' backend
2023-01-02 23:12:10,718 fail2ban.filter         [293]: INFO      maxRetry: 5
2023-01-02 23:12:10,718 fail2ban.filter         [293]: INFO      findtime: 600
2023-01-02 23:12:10,718 fail2ban.actions        [293]: INFO      banTime: 600
2023-01-02 23:12:10,718 fail2ban.filter         [293]: INFO      encoding: UTF-8
2023-01-02 23:12:10,719 fail2ban.filter         [293]: INFO    Added logfile: '/config/log/nginx/error.log' (pos = 0, hash = da39a3ee5e6b4b0d3255bfef95601890afd80709)
2023-01-02 23:12:10,719 fail2ban.jail           [293]: INFO    Creating new jail 'nginx-botsearch'
2023-01-02 23:12:10,720 fail2ban.jail           [293]: INFO    Jail 'nginx-botsearch' uses poller {}
2023-01-02 23:12:10,720 fail2ban.jail           [293]: INFO    Initiated 'polling' backend
2023-01-02 23:12:10,724 fail2ban.datedetector   [293]: INFO      date pattern `'{^LN-BEG}%ExY(?P<_sep>[-/.])%m(?P=_sep)%d[T ]%H:%M:%S(?:[.,]%f)?(?:\\s*%z)?'`: `{^LN-BEG}ExYear(?P<_sep>[-/.])Month(?P=_sep)Day[T ]24hour:Minute:Second(?:[.,]Microseconds)?(?:\s*Zone offset)?`
2023-01-02 23:12:10,725 fail2ban.filter         [293]: INFO      maxRetry: 2
2023-01-02 23:12:10,725 fail2ban.filter         [293]: INFO      findtime: 600
2023-01-02 23:12:10,725 fail2ban.actions        [293]: INFO      banTime: 600
2023-01-02 23:12:10,725 fail2ban.filter         [293]: INFO      encoding: UTF-8
2023-01-02 23:12:10,726 fail2ban.filter         [293]: INFO    Added logfile: '/config/log/nginx/access.log' (pos = 0, hash = da39a3ee5e6b4b0d3255bfef95601890afd80709)
2023-01-02 23:12:10,726 fail2ban.jail           [293]: INFO    Creating new jail 'nginx-badbots'
2023-01-02 23:12:10,727 fail2ban.jail           [293]: INFO    Jail 'nginx-badbots' uses poller {}
2023-01-02 23:12:10,727 fail2ban.jail           [293]: INFO    Initiated 'polling' backend
2023-01-02 23:12:10,734 fail2ban.filter         [293]: INFO      maxRetry: 2
2023-01-02 23:12:10,735 fail2ban.filter         [293]: INFO      findtime: 600
2023-01-02 23:12:10,735 fail2ban.actions        [293]: INFO      banTime: 600
2023-01-02 23:12:10,735 fail2ban.filter         [293]: INFO      encoding: UTF-8
2023-01-02 23:12:10,735 fail2ban.filter         [293]: INFO    Added logfile: '/config/log/nginx/access.log' (pos = 0, hash = da39a3ee5e6b4b0d3255bfef95601890afd80709)
2023-01-02 23:12:10,735 fail2ban.jail           [293]: INFO    Creating new jail 'nginx-deny'
2023-01-02 23:12:10,736 fail2ban.jail           [293]: INFO    Jail 'nginx-deny' uses poller {}
2023-01-02 23:12:10,736 fail2ban.jail           [293]: INFO    Initiated 'polling' backend
2023-01-02 23:12:10,738 fail2ban.filter         [293]: INFO      maxRetry: 5
2023-01-02 23:12:10,738 fail2ban.filter         [293]: INFO      findtime: 600
2023-01-02 23:12:10,738 fail2ban.actions        [293]: INFO      banTime: 600
2023-01-02 23:12:10,738 fail2ban.filter         [293]: INFO      encoding: UTF-8
2023-01-02 23:12:10,739 fail2ban.filter         [293]: INFO    Added logfile: '/config/log/nginx/error.log' (pos = 0, hash = da39a3ee5e6b4b0d3255bfef95601890afd80709)
2023-01-02 23:12:10,739 fail2ban.jail           [293]: INFO    Creating new jail 'nginx-unauthorized'
2023-01-02 23:12:10,740 fail2ban.jail           [293]: INFO    Jail 'nginx-unauthorized' uses poller {}
2023-01-02 23:12:10,740 fail2ban.jail           [293]: INFO    Initiated 'polling' backend
2023-01-02 23:12:10,741 fail2ban.filter         [293]: INFO      maxRetry: 5
2023-01-02 23:12:10,741 fail2ban.filter         [293]: INFO      findtime: 600
2023-01-02 23:12:10,741 fail2ban.actions        [293]: INFO      banTime: 600
2023-01-02 23:12:10,741 fail2ban.filter         [293]: INFO      encoding: UTF-8
2023-01-02 23:12:10,742 fail2ban.filter         [293]: INFO    Added logfile: '/config/log/nginx/access.log' (pos = 0, hash = da39a3ee5e6b4b0d3255bfef95601890afd80709)
2023-01-02 23:12:10,743 fail2ban.jail           [293]: INFO    Jail 'nginx-http-auth' started
2023-01-02 23:12:10,744 fail2ban.jail           [293]: INFO    Jail 'nginx-botsearch' started
2023-01-02 23:12:10,746 fail2ban.jail           [293]: INFO    Jail 'nginx-badbots' started
2023-01-02 23:12:10,747 fail2ban.jail           [293]: INFO    Jail 'nginx-deny' started
2023-01-02 23:12:10,747 fail2ban.jail           [293]: INFO    Jail 'nginx-unauthorized' started
2023-01-02 23:26:07,632 fail2ban.server         [293]: INFO    Shutdown in progress...
2023-01-02 23:26:07,632 fail2ban.observer       [293]: INFO    Observer stop ... try to end queue 5 seconds
2023-01-02 23:26:07,652 fail2ban.observer       [293]: INFO    Observer stopped, 0 events remaining.
2023-01-02 23:26:07,657 fail2ban                [293]: WARNING Caught signal 15. Exiting
2023-01-02 23:26:18,641 fail2ban.server         [285]: INFO    --------------------------------------------------
2023-01-02 23:26:18,641 fail2ban.server         [285]: INFO    Starting Fail2ban v0.11.2
2023-01-02 23:26:18,642 fail2ban.observer       [285]: INFO    Observer start...
2023-01-02 23:26:18,715 fail2ban.database       [285]: INFO    Connected to fail2ban persistent database '/config/fail2ban/fail2ban.sqlite3'
2023-01-02 23:26:18,716 fail2ban.jail           [285]: INFO    Creating new jail 'nginx-http-auth'
2023-01-02 23:26:18,729 fail2ban.jail           [285]: INFO    Jail 'nginx-http-auth' uses poller {}
2023-01-02 23:26:18,730 fail2ban.jail           [285]: INFO    Initiated 'polling' backend
2023-01-02 23:26:18,734 fail2ban.filter         [285]: INFO      maxRetry: 5
2023-01-02 23:26:18,734 fail2ban.filter         [285]: INFO      findtime: 600
2023-01-02 23:26:18,734 fail2ban.actions        [285]: INFO      banTime: 600
2023-01-02 23:26:18,735 fail2ban.filter         [285]: INFO      encoding: UTF-8
2023-01-02 23:26:18,735 fail2ban.filter         [285]: INFO    Added logfile: '/config/log/nginx/error.log' (pos = 0, hash = da39a3ee5e6b4b0d3255bfef95601890afd80709)
2023-01-02 23:26:18,735 fail2ban.jail           [285]: INFO    Creating new jail 'nginx-botsearch'
2023-01-02 23:26:18,737 fail2ban.jail           [285]: INFO    Jail 'nginx-botsearch' uses poller {}
2023-01-02 23:26:18,737 fail2ban.jail           [285]: INFO    Initiated 'polling' backend
2023-01-02 23:26:18,741 fail2ban.datedetector   [285]: INFO      date pattern `'{^LN-BEG}%ExY(?P<_sep>[-/.])%m(?P=_sep)%d[T ]%H:%M:%S(?:[.,]%f)?(?:\\s*%z)?'`: `{^LN-BEG}ExYear(?P<_sep>[-/.])Month(?P=_sep)Day[T ]24hour:Minute:Second(?:[.,]Microseconds)?(?:\s*Zone offset)?`
2023-01-02 23:26:18,743 fail2ban.filter         [285]: INFO      maxRetry: 2
2023-01-02 23:26:18,743 fail2ban.filter         [285]: INFO      findtime: 600
2023-01-02 23:26:18,743 fail2ban.actions        [285]: INFO      banTime: 600
2023-01-02 23:26:18,743 fail2ban.filter         [285]: INFO      encoding: UTF-8
2023-01-02 23:26:18,744 fail2ban.filter         [285]: INFO    Added logfile: '/config/log/nginx/access.log' (pos = 0, hash = da39a3ee5e6b4b0d3255bfef95601890afd80709)
2023-01-02 23:26:18,744 fail2ban.jail           [285]: INFO    Creating new jail 'nginx-badbots'
2023-01-02 23:26:18,746 fail2ban.jail           [285]: INFO    Jail 'nginx-badbots' uses poller {}
2023-01-02 23:26:18,746 fail2ban.jail           [285]: INFO    Initiated 'polling' backend
2023-01-02 23:26:18,754 fail2ban.filter         [285]: INFO      maxRetry: 2
2023-01-02 23:26:18,755 fail2ban.filter         [285]: INFO      findtime: 600
2023-01-02 23:26:18,755 fail2ban.actions        [285]: INFO      banTime: 600
2023-01-02 23:26:18,755 fail2ban.filter         [285]: INFO      encoding: UTF-8
2023-01-02 23:26:18,755 fail2ban.filter         [285]: INFO    Added logfile: '/config/log/nginx/access.log' (pos = 0, hash = da39a3ee5e6b4b0d3255bfef95601890afd80709)
2023-01-02 23:26:18,755 fail2ban.jail           [285]: INFO    Creating new jail 'nginx-deny'
2023-01-02 23:26:18,756 fail2ban.jail           [285]: INFO    Jail 'nginx-deny' uses poller {}
2023-01-02 23:26:18,757 fail2ban.jail           [285]: INFO    Initiated 'polling' backend
2023-01-02 23:26:18,759 fail2ban.filter         [285]: INFO      maxRetry: 5
2023-01-02 23:26:18,759 fail2ban.filter         [285]: INFO      findtime: 600
2023-01-02 23:26:18,759 fail2ban.actions        [285]: INFO      banTime: 600
2023-01-02 23:26:18,759 fail2ban.filter         [285]: INFO      encoding: UTF-8
2023-01-02 23:26:18,760 fail2ban.filter         [285]: INFO    Added logfile: '/config/log/nginx/error.log' (pos = 0, hash = da39a3ee5e6b4b0d3255bfef95601890afd80709)
2023-01-02 23:26:18,760 fail2ban.jail           [285]: INFO    Creating new jail 'nginx-unauthorized'
2023-01-02 23:26:18,761 fail2ban.jail           [285]: INFO    Jail 'nginx-unauthorized' uses poller {}
2023-01-02 23:26:18,761 fail2ban.jail           [285]: INFO    Initiated 'polling' backend
2023-01-02 23:26:18,762 fail2ban.filter         [285]: INFO      maxRetry: 5
2023-01-02 23:26:18,762 fail2ban.filter         [285]: INFO      findtime: 600
2023-01-02 23:26:18,762 fail2ban.actions        [285]: INFO      banTime: 600
2023-01-02 23:26:18,763 fail2ban.filter         [285]: INFO      encoding: UTF-8
2023-01-02 23:26:18,763 fail2ban.filter         [285]: INFO    Added logfile: '/config/log/nginx/access.log' (pos = 0, hash = da39a3ee5e6b4b0d3255bfef95601890afd80709)
2023-01-02 23:26:18,764 fail2ban.jail           [285]: INFO    Jail 'nginx-http-auth' started
2023-01-02 23:26:18,765 fail2ban.jail           [285]: INFO    Jail 'nginx-botsearch' started
2023-01-02 23:26:18,766 fail2ban.jail           [285]: INFO    Jail 'nginx-badbots' started
2023-01-02 23:26:18,767 fail2ban.jail           [285]: INFO    Jail 'nginx-deny' started
2023-01-02 23:26:18,768 fail2ban.jail           [285]: INFO    Jail 'nginx-unauthorized' started
2023-01-02 23:27:34,112 fail2ban.filter         [285]: INFO    [nginx-unauthorized] Ignore 192.168.1.37 by ip
2023-01-02 23:32:34,549 fail2ban.server         [285]: INFO    Shutdown in progress...
2023-01-02 23:32:34,549 fail2ban.observer       [285]: INFO    Observer stop ... try to end queue 5 seconds
2023-01-02 23:32:34,571 fail2ban.observer       [285]: INFO    Observer stopped, 0 events remaining.
2023-01-02 23:32:34,572 fail2ban                [285]: WARNING Caught signal 15. Exiting
2023-01-02 23:33:46,685 fail2ban.server         [284]: INFO    --------------------------------------------------
2023-01-02 23:33:46,685 fail2ban.server         [284]: INFO    Starting Fail2ban v0.11.2
2023-01-02 23:33:46,686 fail2ban.observer       [284]: INFO    Observer start...
2023-01-02 23:33:46,691 fail2ban.database       [284]: INFO    Connected to fail2ban persistent database '/config/fail2ban/fail2ban.sqlite3'
2023-01-02 23:33:46,692 fail2ban.jail           [284]: INFO    Creating new jail 'nginx-http-auth'
2023-01-02 23:33:46,704 fail2ban.jail           [284]: INFO    Jail 'nginx-http-auth' uses poller {}
2023-01-02 23:33:46,705 fail2ban.jail           [284]: INFO    Initiated 'polling' backend
2023-01-02 23:33:46,709 fail2ban.filter         [284]: INFO      maxRetry: 5
2023-01-02 23:33:46,709 fail2ban.filter         [284]: INFO      findtime: 600
2023-01-02 23:33:46,710 fail2ban.actions        [284]: INFO      banTime: 600
2023-01-02 23:33:46,710 fail2ban.filter         [284]: INFO      encoding: UTF-8
2023-01-02 23:33:46,710 fail2ban.filter         [284]: INFO    Added logfile: '/config/log/nginx/error.log' (pos = 780, hash = 9226bb2f8280d69da81d811b640bbf325caf466b)
2023-01-02 23:33:46,710 fail2ban.jail           [284]: INFO    Creating new jail 'nginx-botsearch'
2023-01-02 23:33:46,712 fail2ban.jail           [284]: INFO    Jail 'nginx-botsearch' uses poller {}
2023-01-02 23:33:46,712 fail2ban.jail           [284]: INFO    Initiated 'polling' backend
2023-01-02 23:33:46,715 fail2ban.datedetector   [284]: INFO      date pattern `'{^LN-BEG}%ExY(?P<_sep>[-/.])%m(?P=_sep)%d[T ]%H:%M:%S(?:[.,]%f)?(?:\\s*%z)?'`: `{^LN-BEG}ExYear(?P<_sep>[-/.])Month(?P=_sep)Day[T ]24hour:Minute:Second(?:[.,]Microseconds)?(?:\s*Zone offset)?`
2023-01-02 23:33:46,717 fail2ban.filter         [284]: INFO      maxRetry: 2
2023-01-02 23:33:46,717 fail2ban.filter         [284]: INFO      findtime: 600
2023-01-02 23:33:46,717 fail2ban.actions        [284]: INFO      banTime: 600
2023-01-02 23:33:46,717 fail2ban.filter         [284]: INFO      encoding: UTF-8
2023-01-02 23:33:46,717 fail2ban.filter         [284]: INFO    Added logfile: '/config/log/nginx/access.log' (pos = 42037, hash = c0df80aad860e70215e7666d93972785b3fcefac)
2023-01-02 23:33:46,718 fail2ban.jail           [284]: INFO    Creating new jail 'nginx-badbots'
2023-01-02 23:33:46,719 fail2ban.jail           [284]: INFO    Jail 'nginx-badbots' uses poller {}
2023-01-02 23:33:46,719 fail2ban.jail           [284]: INFO    Initiated 'polling' backend
2023-01-02 23:33:46,726 fail2ban.filter         [284]: INFO      maxRetry: 2
2023-01-02 23:33:46,726 fail2ban.filter         [284]: INFO      findtime: 600
2023-01-02 23:33:46,726 fail2ban.actions        [284]: INFO      banTime: 600
2023-01-02 23:33:46,726 fail2ban.filter         [284]: INFO      encoding: UTF-8
2023-01-02 23:33:46,727 fail2ban.filter         [284]: INFO    Added logfile: '/config/log/nginx/access.log' (pos = 42037, hash = c0df80aad860e70215e7666d93972785b3fcefac)
2023-01-02 23:33:46,727 fail2ban.jail           [284]: INFO    Creating new jail 'nginx-deny'
2023-01-02 23:33:46,728 fail2ban.jail           [284]: INFO    Jail 'nginx-deny' uses poller {}
2023-01-02 23:33:46,728 fail2ban.jail           [284]: INFO    Initiated 'polling' backend
2023-01-02 23:33:46,730 fail2ban.filter         [284]: INFO      maxRetry: 5
2023-01-02 23:33:46,730 fail2ban.filter         [284]: INFO      findtime: 600
2023-01-02 23:33:46,730 fail2ban.actions        [284]: INFO      banTime: 600
2023-01-02 23:33:46,730 fail2ban.filter         [284]: INFO      encoding: UTF-8
2023-01-02 23:33:46,730 fail2ban.filter         [284]: INFO    Added logfile: '/config/log/nginx/error.log' (pos = 780, hash = 9226bb2f8280d69da81d811b640bbf325caf466b)
2023-01-02 23:33:46,731 fail2ban.jail           [284]: INFO    Creating new jail 'nginx-unauthorized'
2023-01-02 23:33:46,732 fail2ban.jail           [284]: INFO    Jail 'nginx-unauthorized' uses poller {}
2023-01-02 23:33:46,732 fail2ban.jail           [284]: INFO    Initiated 'polling' backend
2023-01-02 23:33:46,733 fail2ban.filter         [284]: INFO      maxRetry: 5
2023-01-02 23:33:46,733 fail2ban.filter         [284]: INFO      findtime: 600
2023-01-02 23:33:46,733 fail2ban.actions        [284]: INFO      banTime: 600
2023-01-02 23:33:46,734 fail2ban.filter         [284]: INFO      encoding: UTF-8
2023-01-02 23:33:46,734 fail2ban.filter         [284]: INFO    Added logfile: '/config/log/nginx/access.log' (pos = 42037, hash = c0df80aad860e70215e7666d93972785b3fcefac)
2023-01-02 23:33:46,736 fail2ban.jail           [284]: INFO    Jail 'nginx-http-auth' started
2023-01-02 23:33:46,737 fail2ban.jail           [284]: INFO    Jail 'nginx-botsearch' started
2023-01-02 23:33:46,775 fail2ban.jail           [284]: INFO    Jail 'nginx-badbots' started
2023-01-02 23:33:46,776 fail2ban.jail           [284]: INFO    Jail 'nginx-deny' started
2023-01-02 23:33:46,777 fail2ban.jail           [284]: INFO    Jail 'nginx-unauthorized' started
2023-01-03 00:20:22,940 fail2ban.server         [284]: INFO    Shutdown in progress...
2023-01-03 00:20:22,940 fail2ban.observer       [284]: INFO    Observer stop ... try to end queue 5 seconds
2023-01-03 00:20:22,954 fail2ban                [284]: WARNING Caught signal 15. Exiting
2023-01-03 00:20:37,782 fail2ban.server         [283]: INFO    --------------------------------------------------
2023-01-03 00:20:37,782 fail2ban.server         [283]: INFO    Starting Fail2ban v0.11.2
2023-01-03 00:20:37,783 fail2ban.observer       [283]: INFO    Observer start...
2023-01-03 00:20:37,786 fail2ban.database       [283]: INFO    Connected to fail2ban persistent database '/config/fail2ban/fail2ban.sqlite3'
2023-01-03 00:20:37,788 fail2ban.jail           [283]: INFO    Creating new jail 'nginx-http-auth'
2023-01-03 00:20:37,801 fail2ban.jail           [283]: INFO    Jail 'nginx-http-auth' uses poller {}
2023-01-03 00:20:37,801 fail2ban.jail           [283]: INFO    Initiated 'polling' backend
2023-01-03 00:20:37,805 fail2ban.filter         [283]: INFO      maxRetry: 5
2023-01-03 00:20:37,805 fail2ban.filter         [283]: INFO      findtime: 600
2023-01-03 00:20:37,806 fail2ban.actions        [283]: INFO      banTime: 600
2023-01-03 00:20:37,806 fail2ban.filter         [283]: INFO      encoding: UTF-8
2023-01-03 00:20:37,806 fail2ban.filter         [283]: INFO    Added logfile: '/config/log/nginx/error.log' (pos = 3105, hash = 9226bb2f8280d69da81d811b640bbf325caf466b)
2023-01-03 00:20:37,806 fail2ban.jail           [283]: INFO    Creating new jail 'nginx-botsearch'
2023-01-03 00:20:37,808 fail2ban.jail           [283]: INFO    Jail 'nginx-botsearch' uses poller {}
2023-01-03 00:20:37,808 fail2ban.jail           [283]: INFO    Initiated 'polling' backend
2023-01-03 00:20:37,811 fail2ban.datedetector   [283]: INFO      date pattern `'{^LN-BEG}%ExY(?P<_sep>[-/.])%m(?P=_sep)%d[T ]%H:%M:%S(?:[.,]%f)?(?:\\s*%z)?'`: `{^LN-BEG}ExYear(?P<_sep>[-/.])Month(?P=_sep)Day[T ]24hour:Minute:Second(?:[.,]Microseconds)?(?:\s*Zone offset)?`
2023-01-03 00:20:37,813 fail2ban.filter         [283]: INFO      maxRetry: 2
2023-01-03 00:20:37,813 fail2ban.filter         [283]: INFO      findtime: 600
2023-01-03 00:20:37,813 fail2ban.actions        [283]: INFO      banTime: 600
2023-01-03 00:20:37,814 fail2ban.filter         [283]: INFO      encoding: UTF-8
2023-01-03 00:20:37,814 fail2ban.filter         [283]: INFO    Added logfile: '/config/log/nginx/access.log' (pos = 501759, hash = c0df80aad860e70215e7666d93972785b3fcefac)
2023-01-03 00:20:37,814 fail2ban.jail           [283]: INFO    Creating new jail 'nginx-badbots'
2023-01-03 00:20:37,815 fail2ban.jail           [283]: INFO    Jail 'nginx-badbots' uses poller {}
2023-01-03 00:20:37,815 fail2ban.jail           [283]: INFO    Initiated 'polling' backend
2023-01-03 00:20:37,822 fail2ban.filter         [283]: INFO      maxRetry: 2
2023-01-03 00:20:37,822 fail2ban.filter         [283]: INFO      findtime: 600
2023-01-03 00:20:37,822 fail2ban.actions        [283]: INFO      banTime: 600
2023-01-03 00:20:37,822 fail2ban.filter         [283]: INFO      encoding: UTF-8
2023-01-03 00:20:37,823 fail2ban.filter         [283]: INFO    Added logfile: '/config/log/nginx/access.log' (pos = 501759, hash = c0df80aad860e70215e7666d93972785b3fcefac)
2023-01-03 00:20:37,823 fail2ban.jail           [283]: INFO    Creating new jail 'nginx-deny'
2023-01-03 00:20:37,824 fail2ban.jail           [283]: INFO    Jail 'nginx-deny' uses poller {}
2023-01-03 00:20:37,824 fail2ban.jail           [283]: INFO    Initiated 'polling' backend
2023-01-03 00:20:37,826 fail2ban.filter         [283]: INFO      maxRetry: 5
2023-01-03 00:20:37,826 fail2ban.filter         [283]: INFO      findtime: 600
2023-01-03 00:20:37,826 fail2ban.actions        [283]: INFO      banTime: 600
2023-01-03 00:20:37,827 fail2ban.filter         [283]: INFO      encoding: UTF-8
2023-01-03 00:20:37,827 fail2ban.filter         [283]: INFO    Added logfile: '/config/log/nginx/error.log' (pos = 3105, hash = 9226bb2f8280d69da81d811b640bbf325caf466b)
2023-01-03 00:20:37,827 fail2ban.jail           [283]: INFO    Creating new jail 'nginx-unauthorized'
2023-01-03 00:20:37,828 fail2ban.jail           [283]: INFO    Jail 'nginx-unauthorized' uses poller {}
2023-01-03 00:20:37,828 fail2ban.jail           [283]: INFO    Initiated 'polling' backend
2023-01-03 00:20:37,829 fail2ban.filter         [283]: INFO      maxRetry: 5
2023-01-03 00:20:37,830 fail2ban.filter         [283]: INFO      findtime: 600
2023-01-03 00:20:37,830 fail2ban.actions        [283]: INFO      banTime: 600
2023-01-03 00:20:37,830 fail2ban.filter         [283]: INFO      encoding: UTF-8
2023-01-03 00:20:37,830 fail2ban.filter         [283]: INFO    Added logfile: '/config/log/nginx/access.log' (pos = 501759, hash = c0df80aad860e70215e7666d93972785b3fcefac)
2023-01-03 00:20:37,831 fail2ban.jail           [283]: INFO    Jail 'nginx-http-auth' started
2023-01-03 00:20:37,831 fail2ban.jail           [283]: INFO    Jail 'nginx-botsearch' started
2023-01-03 00:20:37,832 fail2ban.jail           [283]: INFO    Jail 'nginx-badbots' started
2023-01-03 00:20:37,833 fail2ban.jail           [283]: INFO    Jail 'nginx-deny' started
2023-01-03 00:20:37,833 fail2ban.jail           [283]: INFO    Jail 'nginx-unauthorized' started
2023-01-03 00:35:54,265 fail2ban.server         [283]: INFO    Shutdown in progress...
2023-01-03 00:35:54,265 fail2ban.observer       [283]: INFO    Observer stop ... try to end queue 5 seconds
2023-01-03 00:35:54,283 fail2ban                [283]: WARNING Caught signal 15. Exiting
