Jan 02, 2023 23:07:35.518 [0x7fe2bbce1b00] INFO - Plex Media Scanner v1.30.0.6486-629d58034 - Docker Docker Container (LinuxServer.io) x86_64 - build: linux-x86_64 - GMT 00:00
Jan 02, 2023 23:07:35.518 [0x7fe2bbce1b00] INFO - Linux version: 5.15.0-56-generic, language: en-US
Jan 02, 2023 23:07:35.518 [0x7fe2bbce1b00] INFO - Processor: 16-core AMD Ryzen 7 6800H with Radeon Graphics         
Jan 02, 2023 23:07:35.518 [0x7fe2bbce1b00] INFO - /usr/lib/plexmediaserver/Plex Media Scanner --match --type 1 --log-file-suffix  Matcher --item 3
Jan 02, 2023 23:07:35.518 [0x7fe2bf65d140] DEBUG - Opening 20 database sessions to library (com.plexapp.plugins.library), SQLite 3.35.5, threadsafe=1
Jan 02, 2023 23:07:35.596 [0x7fe2bf65d140] DEBUG - [MI] Opening input file: "/movies/Breaking Bad.mp4"
Jan 02, 2023 23:07:35.596 [0x7fe2bf65d140] DEBUG - [FFMPEG] - Opening '/movies/Breaking Bad.mp4' for reading
Jan 02, 2023 23:07:35.596 [0x7fe2bf65d140] DEBUG - [FFMPEG] - Setting default whitelist 'file,crypto,data'
Jan 02, 2023 23:07:35.596 [0x7fe2bf65d140] DEBUG - [FFMPEG] - Format mov,mp4,m4a,3gp,3g2,mj2 probed with size=2048 and score=100
Jan 02, 2023 23:07:35.596 [0x7fe2bf65d140] DEBUG - [FFMPEG] - ISO: File Type Major Brand: isom
Jan 02, 2023 23:07:35.596 [0x7fe2bf65d140] DEBUG - [FFMPEG] - Unknown dref type 0x206c7275 size 12
Jan 02, 2023 23:07:35.596 [0x7fe2bf65d140] DEBUG - [FFMPEG] - Processing st: 0, edit list 0 - media time: 512, duration: 203013
Jan 02, 2023 23:07:35.596 [0x7fe2bf65d140] DEBUG - [FFMPEG] - Offset DTS by 512 to make first pts zero.
Jan 02, 2023 23:07:35.596 [0x7fe2bf65d140] DEBUG - [FFMPEG] - Setting codecpar->delay to 2 for stream st: 0
Jan 02, 2023 23:07:35.596 [0x7fe2bf65d140] DEBUG - [FFMPEG] - Unknown dref type 0x206c7275 size 12
Jan 02, 2023 23:07:35.596 [0x7fe2bf65d140] DEBUG - [FFMPEG] - Processing st: 1, edit list 0 - media time: 2048, duration: 584722
Jan 02, 2023 23:07:35.596 [0x7fe2bf65d140] DEBUG - [FFMPEG] - drop a frame at curr_cts: 0 @ 0
Jan 02, 2023 23:07:35.596 [0x7fe2bf65d140] DEBUG - [FFMPEG] - drop a frame at curr_cts: 1024 @ 1
Jan 02, 2023 23:07:35.596 [0x7fe2bf65d140] DEBUG - [FFMPEG] - Before avformat_find_stream_info() pos: 20825 bytes read:32768 seeks:0 nb_streams:2
Jan 02, 2023 23:07:35.597 [0x7fe2bf65d140] DEBUG - [FFMPEG] - nal_unit_type: 7(SPS), nal_ref_idc: 3
Jan 02, 2023 23:07:35.597 [0x7fe2bf65d140] DEBUG - [FFMPEG] - nal_unit_type: 8(PPS), nal_ref_idc: 3
Jan 02, 2023 23:07:35.597 [0x7fe2bf65d140] DEBUG - [FFMPEG] - demuxer injecting skip 2048 / discard 0
Jan 02, 2023 23:07:35.597 [0x7fe2bf65d140] DEBUG - [FFMPEG] - nal_unit_type: 7(SPS), nal_ref_idc: 3
Jan 02, 2023 23:07:35.597 [0x7fe2bf65d140] DEBUG - [FFMPEG] - nal_unit_type: 8(PPS), nal_ref_idc: 3
Jan 02, 2023 23:07:35.598 [0x7fe2bf65d140] DEBUG - [FFMPEG] - nal_unit_type: 5(IDR), nal_ref_idc: 3
Jan 02, 2023 23:07:35.598 [0x7fe2bf65d140] DEBUG - [FFMPEG] - Format yuv420p chosen by get_format().
Jan 02, 2023 23:07:35.598 [0x7fe2bf65d140] DEBUG - [FFMPEG] - no picture 
Jan 02, 2023 23:07:35.601 [0x7fe2bf65d140] DEBUG - [FFMPEG] - All info found
Jan 02, 2023 23:07:35.601 [0x7fe2bf65d140] DEBUG - [FFMPEG] - After avformat_find_stream_info() pos: 35210 bytes read:65536 seeks:0 frames:2
Jan 02, 2023 23:07:35.601 [0x7fe2bf65d140] DEBUG - [FFMPEG] - nal_unit_type: 7(SPS), nal_ref_idc: 3
Jan 02, 2023 23:07:35.601 [0x7fe2bf65d140] DEBUG - [FFMPEG] - nal_unit_type: 8(PPS), nal_ref_idc: 3
Jan 02, 2023 23:07:35.602 [0x7fe2bf65d140] DEBUG - [MI] Closing input file: "/movies/Breaking Bad.mp4"
Jan 02, 2023 23:07:35.602 [0x7fe2bf65d140] DEBUG - Matcher: found 1 auxiliary files in "/movies" (single media: no)
Jan 02, 2023 23:07:35.602 [0x7fe2bf65d140] DEBUG - Matcher: no sidecar subtitle files found for "/movies/Breaking Bad.mp4"
Jan 02, 2023 23:07:35.602 [0x7fe2bf65d140] DEBUG - Matcher: no valid subtitles found, removing any existing media bundle file
