Jan 02, 2023 23:20:38.602 [0x7f5196824b38] INFO - Plex Tuner Service v1.30.0.6486-629d58034 - Docker Docker Container (LinuxServer.io) x86_64 - build: 
Jan 02, 2023 23:20:38.602 [0x7f5196824b38] INFO - Linux version: 5.15.0-56-generic (#62-Ubuntu SMP Tue Nov 22 19:54:14 UTC 2022), language: en-US
Jan 02, 2023 23:20:38.602 [0x7f5196824b38] INFO - Processor AMD Ryzen 7 6800H with Radeon Graphics         
Jan 02, 2023 23:20:38.602 [0x7f5196824b38] INFO - /usr/lib/plexmediaserver/Plex Tuner Service /usr/lib/plexmediaserver/Resources/Tuner/Private /usr/lib/plexmediaserver/Resources/Tuner/Shared 1.30.0.6486-629d58034 32600
Jan 02, 2023 23:20:38.601 [0x7f5198125808] INFO - [I] broker_t::start...
Jan 02, 2023 23:20:38.603 [0x7f5198125808] INFO - [I] device_manager_t::init.
Jan 02, 2023 23:20:38.603 [0x7f5198125808] INFO - [I] device_manager_t::init. Initialize provider manager
Jan 02, 2023 23:20:38.603 [0x7f5198125808] INFO - [I] device_manager_t::init. Initialize all device auxes
Jan 02, 2023 23:20:38.603 [0x7f5198125808] INFO - [I] dvb_device_factory_t::get_aux_list
Jan 02, 2023 23:20:38.603 [0x7f5198125808] INFO - [I] tvbutler_aux_t::init
Jan 02, 2023 23:20:38.604 [0x7f5198125808] INFO - [I] web_server_t::start. Starting web server on port 32600
Jan 02, 2023 23:20:47.033 [0x7f51965c3b38] INFO - [I] web_service_t::process_device_discovery
Jan 02, 2023 23:20:47.033 [0x7f51965c3b38] INFO - [I] device_reactor_t::get_device_list ()
Jan 02, 2023 23:20:49.039 [0x7f51965c3b38] INFO - [I] SAT2IP - discover_satip_servers(): no servers found
Jan 02, 2023 23:20:49.462 [0x7f51965c3b38] INFO - [I] v4l::DeviceGetList_impl. getting v4l device list
Jan 02, 2023 23:20:49.464 [0x7f51965c3b38] INFO - [I] onetv_factory::DeviceGetListEx >>
Jan 02, 2023 23:20:49.464 [0x7f51965c3b38] WARN - [W] onetv_factory::DeviceGetListEx. libusb_init returned an error -99
Jan 02, 2023 23:35:54.309 [0x7f5198125808] INFO - Received SIGINT: Interrupt from keyboard.
Jan 02, 2023 23:35:54.312 [0x7f5198125808] INFO - [I] device_manager_t::term
Jan 02, 2023 23:35:54.312 [0x7f5198125808] INFO - [I] device_manager_t::term. Stop all devices
Jan 02, 2023 23:35:54.313 [0x7f5198125808] INFO - [I] device_manager_t::term. Shut down all device auxes
Jan 02, 2023 23:35:54.313 [0x7f5198125808] INFO - [I] tvbutler_aux_t::term
Jan 02, 2023 23:35:54.313 [0x7f5198125808] INFO - [I] web_server_t::stop. Web server is stopped
Jan 02, 2023 23:35:54.313 [0x7f5198125808] INFO - [I] device_manager_t::term
Jan 02, 2023 23:35:54.313 [0x7f5198125808] INFO - [I] device_manager_t::term. Stop all devices
Jan 02, 2023 23:35:54.313 [0x7f5198125808] INFO - [I] device_manager_t::term. Shut down all device auxes
Jan 02, 2023 23:35:54.313 [0x7f5198125808] INFO - [I] broker_t::shutdown. Shutdown is completed.
