Jan 02, 2023 22:51:45.339 [0x7f1e0e624b00] INFO - Plex Media Scanner v1.30.0.6486-629d58034 - Docker Docker Container (LinuxServer.io) x86_64 - build: linux-x86_64 - GMT 00:00
Jan 02, 2023 22:51:45.339 [0x7f1e0e624b00] INFO - Linux version: 5.15.0-56-generic, language: en-US
Jan 02, 2023 22:51:45.339 [0x7f1e0e624b00] INFO - Processor: 16-core AMD Ryzen 7 6800H with Radeon Graphics         
Jan 02, 2023 22:51:45.339 [0x7f1e0e624b00] INFO - /usr/lib/plexmediaserver/Plex Media Scanner --analyze --log-file-suffix  Analysis --no-thumbs --item 1
Jan 02, 2023 22:51:45.339 [0x7f1e11fa0140] DEBUG - Opening 20 database sessions to library (com.plexapp.plugins.library), SQLite 3.35.5, threadsafe=1
Jan 02, 2023 22:51:45.403 [0x7f1e11fa0140] DEBUG - Analyzing media parts for item 1 (Anime): 1
Jan 02, 2023 22:51:45.403 [0x7f1e11fa0140] DEBUG - Downloading document http://127.0.0.1:32400/library/changestamp
Jan 02, 2023 22:51:45.403 [0x7f1e11fa0140] DEBUG - [HCl#1] HTTP requesting GET http://127.0.0.1:32400/library/changestamp
Jan 02, 2023 22:51:45.404 [0x7f1e0db84b00] DEBUG - [HttpClient/HCl#1] HTTP/1.1 (0.0s) 200 response from GET http://127.0.0.1:32400/library/changestamp
Jan 02, 2023 22:51:45.404 [0x7f1e11fa0140] DEBUG - Updating metadata item (save) (Anime) with ID 1
Jan 02, 2023 22:51:45.405 [0x7f1e11fa0140] DEBUG - [ID 1] Media part analysis: /movies/anime.mp4
Jan 02, 2023 22:51:45.405 [0x7f1e11fa0140] DEBUG - [MI] Opening input file: "/movies/anime.mp4"
Jan 02, 2023 22:51:45.405 [0x7f1e11fa0140] DEBUG - [FFMPEG] - Opening '/movies/anime.mp4' for reading
Jan 02, 2023 22:51:45.405 [0x7f1e11fa0140] DEBUG - [FFMPEG] - Setting default whitelist 'file,crypto,data'
Jan 02, 2023 22:51:45.406 [0x7f1e11fa0140] DEBUG - [FFMPEG] - Format mov,mp4,m4a,3gp,3g2,mj2 probed with size=2048 and score=100
Jan 02, 2023 22:51:45.406 [0x7f1e11fa0140] DEBUG - [FFMPEG] - ISO: File Type Major Brand: isom
Jan 02, 2023 22:51:45.406 [0x7f1e11fa0140] DEBUG - [FFMPEG] - Unknown dref type 0x206c7275 size 12
Jan 02, 2023 22:51:45.406 [0x7f1e11fa0140] DEBUG - [FFMPEG] - Processing st: 0, edit list 0 - media time: 1024, duration: 264192
Jan 02, 2023 22:51:45.406 [0x7f1e11fa0140] DEBUG - [FFMPEG] - Offset DTS by 1024 to make first pts zero.
Jan 02, 2023 22:51:45.406 [0x7f1e11fa0140] DEBUG - [FFMPEG] - Setting codecpar->delay to 2 for stream st: 0
Jan 02, 2023 22:51:45.406 [0x7f1e11fa0140] DEBUG - [FFMPEG] - Unknown dref type 0x206c7275 size 12
Jan 02, 2023 22:51:45.406 [0x7f1e11fa0140] DEBUG - [FFMPEG] - Processing st: 1, edit list 0 - media time: 2048, duration: 759799
Jan 02, 2023 22:51:45.406 [0x7f1e11fa0140] DEBUG - [FFMPEG] - drop a frame at curr_cts: 0 @ 0
Jan 02, 2023 22:51:45.406 [0x7f1e11fa0140] DEBUG - [FFMPEG] - drop a frame at curr_cts: 1024 @ 1
Jan 02, 2023 22:51:45.406 [0x7f1e11fa0140] DEBUG - [FFMPEG] - Before avformat_find_stream_info() pos: 19181 bytes read:32768 seeks:0 nb_streams:2
Jan 02, 2023 22:51:45.406 [0x7f1e11fa0140] DEBUG - [FFMPEG] - nal_unit_type: 7(SPS), nal_ref_idc: 3
Jan 02, 2023 22:51:45.406 [0x7f1e11fa0140] DEBUG - [FFMPEG] - nal_unit_type: 8(PPS), nal_ref_idc: 3
Jan 02, 2023 22:51:45.406 [0x7f1e11fa0140] DEBUG - [FFMPEG] - nal_unit_type: 7(SPS), nal_ref_idc: 3
Jan 02, 2023 22:51:45.406 [0x7f1e11fa0140] DEBUG - [FFMPEG] - nal_unit_type: 8(PPS), nal_ref_idc: 3
Jan 02, 2023 22:51:45.406 [0x7f1e11fa0140] DEBUG - [FFMPEG] - nal_unit_type: 5(IDR), nal_ref_idc: 3
Jan 02, 2023 22:51:45.406 [0x7f1e11fa0140] DEBUG - [FFMPEG] - Format yuv420p chosen by get_format().
Jan 02, 2023 22:51:45.407 [0x7f1e11fa0140] DEBUG - [FFMPEG] - no picture 
Jan 02, 2023 22:51:45.408 [0x7f1e11fa0140] DEBUG - [FFMPEG] - demuxer injecting skip 2048 / discard 0
Jan 02, 2023 22:51:45.408 [0x7f1e11fa0140] DEBUG - [FFMPEG] - All info found
Jan 02, 2023 22:51:45.408 [0x7f1e11fa0140] DEBUG - [FFMPEG] - After avformat_find_stream_info() pos: 23714 bytes read:32768 seeks:0 frames:2
Jan 02, 2023 22:51:45.408 [0x7f1e11fa0140] DEBUG - [MI] Opening "/movies/anime.mp4" for MP4 atom parsing
Jan 02, 2023 22:51:45.409 [0x7f1e11fa0140] DEBUG - Mp4AtomParser: Skipping ftyp atom of size 32 at offset 0
Jan 02, 2023 22:51:45.409 [0x7f1e11fa0140] DEBUG - Mp4AtomParser: Found moov atom of size 19133 at offset 32
Jan 02, 2023 22:51:45.409 [0x7f1e11fa0140] DEBUG - Mp4AtomParser: Found trak atom of size 7992 at offset 148
Jan 02, 2023 22:51:45.409 [0x7f1e11fa0140] DEBUG - Mp4AtomParser: Found trak atom of size 10896 at offset 8140
Jan 02, 2023 22:51:45.409 [0x7f1e11fa0140] DEBUG - Mp4AtomParser: Found mdia atom of size 7856 at offset 284
Jan 02, 2023 22:51:45.409 [0x7f1e11fa0140] DEBUG - Mp4AtomParser: Found minf atom of size 7771 at offset 369
Jan 02, 2023 22:51:45.409 [0x7f1e11fa0140] DEBUG - Mp4AtomParser: Found stbl atom of size 7707 at offset 433
Jan 02, 2023 22:51:45.409 [0x7f1e11fa0140] DEBUG - Mp4AtomParser: Found mdia atom of size 10760 at offset 8276
Jan 02, 2023 22:51:45.409 [0x7f1e11fa0140] DEBUG - Mp4AtomParser: Found minf atom of size 10675 at offset 8361
Jan 02, 2023 22:51:45.409 [0x7f1e11fa0140] DEBUG - Mp4AtomParser: Found stbl atom of size 10615 at offset 8421
Jan 02, 2023 22:51:45.409 [0x7f1e11fa0140] DEBUG - [MI]  * fcaaf536ff446a39e2b1e7db3a5d7d4ed5504faf [mp4 h264/aac] Duration: 17276ms, 576x1024 (0.562500) 30.000fps, bitrate=1749kbps, audio channels=2, optimizedForStreaming=1 ("/movies/anime.mp4")
Jan 02, 2023 22:51:45.409 [0x7f1e11fa0140] DEBUG - [MI] Chapters had generic titles, clearing.
Jan 02, 2023 22:51:45.409 [0x7f1e11fa0140] DEBUG - [MI] Closing input file: "/movies/anime.mp4"
Jan 02, 2023 22:51:45.409 [0x7f1e11fa0140] DEBUG - Committing media stream changes for part 1
Jan 02, 2023 22:51:45.409 [0x7f1e11fa0140] DEBUG - Updating media item 1, size=3778016, metadata_item_id=1
Jan 02, 2023 22:51:45.409 [0x7f1e11fa0140] DEBUG - Updating part with ID=1 [/movies/anime.mp4]
Jan 02, 2023 22:51:45.410 [0x7f1e0da4cb00] DEBUG - [HCl#2] HTTP requesting GET http://127.0.0.1:32400/:/metadata/notify/changeItemState?librarySectionID=3&metadataItemID=1&metadataType=1&state=-1&parentID=-1&rootID=-1&mediaState=analyzing
Jan 02, 2023 22:51:45.410 [0x7f1e0db84b00] DEBUG - [HttpClient/HCl#2] HTTP/1.1 (0.0s) 200 response from GET http://127.0.0.1:32400/:/metadata/notify/changeItemState?librarySectionID=3&metadataItemID=1&metadataType=1&state=-1&parentID=-1&rootID=-1&mediaState=analyzing (reused)
Jan 02, 2023 22:51:45.410 [0x7f1e0da4cb00] DEBUG - [HCl#3] HTTP requesting GET http://127.0.0.1:32400/:/metadata/notify/changeItemState?librarySectionID=3&metadataItemID=1&metadataType=1&state=-1&parentID=-1&rootID=-1&mediaState=idle
Jan 02, 2023 22:51:45.411 [0x7f1e11fa0140] DEBUG - Downloading document http://127.0.0.1:32400/library/changestamp
Jan 02, 2023 22:51:45.411 [0x7f1e11fa0140] DEBUG - [HCl#4] HTTP requesting GET http://127.0.0.1:32400/library/changestamp
Jan 02, 2023 22:51:45.411 [0x7f1e0db84b00] DEBUG - [HttpClient/HCl#3] HTTP/1.1 (0.0s) 200 response from GET http://127.0.0.1:32400/:/metadata/notify/changeItemState?librarySectionID=3&metadataItemID=1&metadataType=1&state=-1&parentID=-1&rootID=-1&mediaState=idle (reused)
Jan 02, 2023 22:51:45.411 [0x7f1e0db84b00] DEBUG - [HttpClient/HCl#4] HTTP/1.1 (0.0s) 200 response from GET http://127.0.0.1:32400/library/changestamp (reused)
Jan 02, 2023 22:51:45.411 [0x7f1e11fa0140] DEBUG - Updating metadata item (save) (Anime) with ID 1
